[0m[[0m[0mdebug[0m] [0m[0m> Exec(;Test/compile; collectAnalyses, None, Some(CommandSource(network-1)))[0m
[0m[[0m[0mdebug[0m] [0m[0munmatched Processing event for requestId None: None[0m
[0m[[0m[0mdebug[0m] [0m[0munmatched Done event for requestId None: None[0m
[0m[[0m[0mdebug[0m] [0m[0m> Exec(Test/compile, None, Some(CommandSource(network-1)))[0m
[0m[[0m[0mdebug[0m] [0m[0munmatched Processing event for requestId None: None[0m
[0m[[0m[0mdebug[0m] [0m[0mEvaluating tasks: Test / compile[0m
[0m[[0m[0mdebug[0m] [0m[0mRunning task... Cancel: Signal, check cycles: false, forcegc: true[0m
[0m[[0m[0mdebug[0m] [0m[0mjsonRpcNotify: JsonRpcNotificationMessage(2.0, build/taskStart, {"taskId":{"id":"3","parents":[]},"eventTime":1685181301545,"message":"Compiling data-eng","dataKind":"compile-task","data":{"target":{"uri":"file:/Users/marielynn/Documents/GitHub/data-eng/#data-eng/Compile"}}})[0m
[0m[[0m[0minfo[0m] [0m[0mcompiling 10 Scala sources to /Users/marielynn/Documents/GitHub/data-eng/target/scala-2.12/classes ...[0m
[0m[[0m[0mdebug[0m] [0m[0mjsonRpcNotify: JsonRpcNotificationMessage(2.0, build/logMessage, {"type":3,"message":"compiling 10 Scala sources to /Users/marielynn/Documents/GitHub/data-eng/target/scala-2.12/classes ..."})[0m
[0m[[0m[0mdebug[0m] [0m[0mjsonRpcNotify: JsonRpcNotificationMessage(2.0, build/taskProgress, {"taskId":{"id":"3","parents":[]},"eventTime":1685181302948,"message":"Compiling data-eng (0%)","total":260,"progress":0,"dataKind":"compile-progress","data":{"target":{"uri":"file:/Users/marielynn/Documents/GitHub/data-eng/#data-eng/Compile"}}})[0m
[0m[[0m[0mdebug[0m] [0m[0mjsonRpcNotify: JsonRpcNotificationMessage(2.0, build/taskProgress, {"taskId":{"id":"3","parents":[]},"eventTime":1685181302957,"message":"Compiling data-eng (0%)","total":260,"progress":0,"dataKind":"compile-progress","data":{"target":{"uri":"file:/Users/marielynn/Documents/GitHub/data-eng/#data-eng/Compile"}}})[0m
[0m[[0m[0mdebug[0m] [0m[0mjsonRpcNotify: JsonRpcNotificationMessage(2.0, build/taskProgress, {"taskId":{"id":"3","parents":[]},"eventTime":1685181303281,"message":"Compiling data-eng (5%)","total":260,"progress":5,"dataKind":"compile-progress","data":{"target":{"uri":"file:/Users/marielynn/Documents/GitHub/data-eng/#data-eng/Compile"}}})[0m
[0m[[0m[0mdebug[0m] [0m[0mjsonRpcNotify: JsonRpcNotificationMessage(2.0, build/taskProgress, {"taskId":{"id":"3","parents":[]},"eventTime":1685181303283,"message":"Compiling data-eng (5%)","total":260,"progress":5,"dataKind":"compile-progress","data":{"target":{"uri":"file:/Users/marielynn/Documents/GitHub/data-eng/#data-eng/Compile"}}})[0m
[0m[[0m[0mdebug[0m] [0m[0mjsonRpcNotify: JsonRpcNotificationMessage(2.0, build/taskProgress, {"taskId":{"id":"3","parents":[]},"eventTime":1685181303295,"message":"Compiling data-eng (5%)","total":260,"progress":5,"dataKind":"compile-progress","data":{"target":{"uri":"file:/Users/marielynn/Documents/GitHub/data-eng/#data-eng/Compile"}}})[0m
[0m[[0m[0mdebug[0m] [0m[0mjsonRpcNotify: JsonRpcNotificationMessage(2.0, build/taskProgress, {"taskId":{"id":"3","parents":[]},"eventTime":1685181303480,"message":"Compiling data-eng (10%)","total":260,"progress":10,"dataKind":"compile-progress","data":{"target":{"uri":"file:/Users/marielynn/Documents/GitHub/data-eng/#data-eng/Compile"}}})[0m
[0m[[0m[0mdebug[0m] [0m[0mjsonRpcNotify: JsonRpcNotificationMessage(2.0, build/taskProgress, {"taskId":{"id":"3","parents":[]},"eventTime":1685181303481,"message":"Compiling data-eng (10%)","total":260,"progress":10,"dataKind":"compile-progress","data":{"target":{"uri":"file:/Users/marielynn/Documents/GitHub/data-eng/#data-eng/Compile"}}})[0m
[0m[[0m[0mdebug[0m] [0m[0mjsonRpcNotify: JsonRpcNotificationMessage(2.0, build/taskProgress, {"taskId":{"id":"3","parents":[]},"eventTime":1685181303482,"message":"Compiling data-eng (10%)","total":260,"progress":10,"dataKind":"compile-progress","data":{"target":{"uri":"file:/Users/marielynn/Documents/GitHub/data-eng/#data-eng/Compile"}}})[0m
[0m[[0m[0mdebug[0m] [0m[0mjsonRpcNotify: JsonRpcNotificationMessage(2.0, build/publishDiagnostics, {"textDocument":{"uri":"file:///Users/marielynn/Documents/GitHub/data-eng/src/main/scala/com/peaceland/kafka/processing/KafkaConsumerAnalyzer.scala"},"buildTarget":{"uri":"file:/Users/marielynn/Documents/GitHub/data-eng/#data-eng/Compile"},"diagnostics":[{"range":{"start":{"line":6,"character":0},"end":{"line":6,"character":7}},"severity":1,"source":"sbt","message":"object Citizen is not a member of package com.peaceland.utils"}],"reset":false})[0m
[0m[[0m[31merror[0m] [0m[0m/Users/marielynn/Documents/GitHub/data-eng/src/main/scala/com/peaceland/kafka/processing/KafkaConsumerAnalyzer.scala:7:8: object Citizen is not a member of package com.peaceland.utils[0m
[0m[[0m[31merror[0m] [0m[0mimport com.peaceland.utils.{Alert, Citizen, Drone, GetSource, Report}[0m
[0m[[0m[31merror[0m] [0m[0m       ^[0m
[0m[[0m[0mdebug[0m] [0m[0mjsonRpcNotify: JsonRpcNotificationMessage(2.0, build/logMessage, {"type":1,"message":"/Users/marielynn/Documents/GitHub/data-eng/src/main/scala/com/peaceland/kafka/processing/KafkaConsumerAnalyzer.scala:7:8: object Citizen is not a member of package com.peaceland.utils"})[0m
[0m[[0m[0mdebug[0m] [0m[0mjsonRpcNotify: JsonRpcNotificationMessage(2.0, build/logMessage, {"type":1,"message":"import com.peaceland.utils.{Alert, Citizen, Drone, GetSource, Report}"})[0m
[0m[[0m[0mdebug[0m] [0m[0mjsonRpcNotify: JsonRpcNotificationMessage(2.0, build/logMessage, {"type":1,"message":"       ^"})[0m
[0m[[0m[0mdebug[0m] [0m[0mjsonRpcNotify: JsonRpcNotificationMessage(2.0, build/publishDiagnostics, {"textDocument":{"uri":"file:///Users/marielynn/Documents/GitHub/data-eng/src/main/scala/com/peaceland/kafka/processing/KafkaConsumerAnalyzer.scala"},"buildTarget":{"uri":"file:/Users/marielynn/Documents/GitHub/data-eng/#data-eng/Compile"},"diagnostics":[{"range":{"start":{"line":31,"character":43},"end":{"line":31,"character":44}},"severity":1,"source":"sbt","message":"not found: type Citizen"}],"reset":false})[0m
[0m[[0m[31merror[0m] [0m[0m/Users/marielynn/Documents/GitHub/data-eng/src/main/scala/com/peaceland/kafka/processing/KafkaConsumerAnalyzer.scala:32:44: not found: type Citizen[0m
[0m[[0m[31merror[0m] [0m[0m  def calculateAverageScore(citizens: List[Citizen]): Double = {[0m
[0m[[0m[31merror[0m] [0m[0m                                           ^[0m
[0m[[0m[0mdebug[0m] [0m[0mjsonRpcNotify: JsonRpcNotificationMessage(2.0, build/logMessage, {"type":1,"message":"/Users/marielynn/Documents/GitHub/data-eng/src/main/scala/com/peaceland/kafka/processing/KafkaConsumerAnalyzer.scala:32:44: not found: type Citizen"})[0m
[0m[[0m[0mdebug[0m] [0m[0mjsonRpcNotify: JsonRpcNotificationMessage(2.0, build/logMessage, {"type":1,"message":"  def calculateAverageScore(citizens: List[Citizen]): Double = {"})[0m
[0m[[0m[0mdebug[0m] [0m[0mjsonRpcNotify: JsonRpcNotificationMessage(2.0, build/logMessage, {"type":1,"message":"                                           ^"})[0m
[0m[[0m[0mdebug[0m] [0m[0mjsonRpcNotify: JsonRpcNotificationMessage(2.0, build/publishDiagnostics, {"textDocument":{"uri":"file:///Users/marielynn/Documents/GitHub/data-eng/src/main/scala/com/peaceland/kafka/processing/KafkaConsumerAnalyzer.scala"},"buildTarget":{"uri":"file:/Users/marielynn/Documents/GitHub/data-eng/#data-eng/Compile"},"diagnostics":[{"range":{"start":{"line":40,"character":36},"end":{"line":40,"character":37}},"severity":1,"source":"sbt","message":"not found: type Citizen"}],"reset":false})[0m
[0m[[0m[31merror[0m] [0m[0m/Users/marielynn/Documents/GitHub/data-eng/src/main/scala/com/peaceland/kafka/processing/KafkaConsumerAnalyzer.scala:41:37: not found: type Citizen[0m
[0m[[0m[31merror[0m] [0m[0m  def getMinMaxScore(citizens: List[Citizen]): (Int, Int) = {[0m
[0m[[0m[31merror[0m] [0m[0m                                    ^[0m
[0m[[0m[0mdebug[0m] [0m[0mjsonRpcNotify: JsonRpcNotificationMessage(2.0, build/logMessage, {"type":1,"message":"/Users/marielynn/Documents/GitHub/data-eng/src/main/scala/com/peaceland/kafka/processing/KafkaConsumerAnalyzer.scala:41:37: not found: type Citizen"})[0m
[0m[[0m[0mdebug[0m] [0m[0mjsonRpcNotify: JsonRpcNotificationMessage(2.0, build/logMessage, {"type":1,"message":"  def getMinMaxScore(citizens: List[Citizen]): (Int, Int) = {"})[0m
[0m[[0m[0mdebug[0m] [0m[0mjsonRpcNotify: JsonRpcNotificationMessage(2.0, build/logMessage, {"type":1,"message":"                                    ^"})[0m
[0m[[0m[0mdebug[0m] [0m[0mjsonRpcNotify: JsonRpcNotificationMessage(2.0, build/publishDiagnostics, {"textDocument":{"uri":"file:///Users/marielynn/Documents/GitHub/data-eng/src/main/scala/com/peaceland/kafka/processing/KafkaConsumerAnalyzer.scala"},"buildTarget":{"uri":"file:/Users/marielynn/Documents/GitHub/data-eng/#data-eng/Compile"},"diagnostics":[{"range":{"start":{"line":46,"character":42},"end":{"line":46,"character":43}},"severity":1,"source":"sbt","message":"not found: type Citizen"}],"reset":false})[0m
[0m[[0m[31merror[0m] [0m[0m/Users/marielynn/Documents/GitHub/data-eng/src/main/scala/com/peaceland/kafka/processing/KafkaConsumerAnalyzer.scala:47:43: not found: type Citizen[0m
[0m[[0m[31merror[0m] [0m[0m  def countCitizensByScore(citizens: List[Citizen]): Map[Int, Int] = {[0m
[0m[[0m[31merror[0m] [0m[0m                                          ^[0m
[0m[[0m[0mdebug[0m] [0m[0mjsonRpcNotify: JsonRpcNotificationMessage(2.0, build/logMessage, {"type":1,"message":"/Users/marielynn/Documents/GitHub/data-eng/src/main/scala/com/peaceland/kafka/processing/KafkaConsumerAnalyzer.scala:47:43: not found: type Citizen"})[0m
[0m[[0m[0mdebug[0m] [0m[0mjsonRpcNotify: JsonRpcNotificationMessage(2.0, build/logMessage, {"type":1,"message":"  def countCitizensByScore(citizens: List[Citizen]): Map[Int, Int] = {"})[0m
[0m[[0m[0mdebug[0m] [0m[0mjsonRpcNotify: JsonRpcNotificationMessage(2.0, build/logMessage, {"type":1,"message":"                                          ^"})[0m
[0m[[0m[0mdebug[0m] [0m[0mjsonRpcNotify: JsonRpcNotificationMessage(2.0, build/publishDiagnostics, {"textDocument":{"uri":"file:///Users/marielynn/Documents/GitHub/data-eng/src/main/scala/com/peaceland/kafka/processing/KafkaConsumerAnalyzer.scala"},"buildTarget":{"uri":"file:/Users/marielynn/Documents/GitHub/data-eng/#data-eng/Compile"},"diagnostics":[{"range":{"start":{"line":51,"character":54},"end":{"line":51,"character":55}},"severity":1,"source":"sbt","message":"not found: type Citizen"}],"reset":false})[0m
[0m[[0m[31merror[0m] [0m[0m/Users/marielynn/Documents/GitHub/data-eng/src/main/scala/com/peaceland/kafka/processing/KafkaConsumerAnalyzer.scala:52:55: not found: type Citizen[0m
[0m[[0m[31merror[0m] [0m[0m  def getTroubleMakers(citizens: List[Citizen]): List[Citizen] = {[0m
[0m[[0m[31merror[0m] [0m[0m                                                      ^[0m
[0m[[0m[0mdebug[0m] [0m[0mjsonRpcNotify: JsonRpcNotificationMessage(2.0, build/logMessage, {"type":1,"message":"/Users/marielynn/Documents/GitHub/data-eng/src/main/scala/com/peaceland/kafka/processing/KafkaConsumerAnalyzer.scala:52:55: not found: type Citizen"})[0m
[0m[[0m[0mdebug[0m] [0m[0mjsonRpcNotify: JsonRpcNotificationMessage(2.0, build/logMessage, {"type":1,"message":"  def getTroubleMakers(citizens: List[Citizen]): List[Citizen] = {"})[0m
[0m[[0m[0mdebug[0m] [0m[0mjsonRpcNotify: JsonRpcNotificationMessage(2.0, build/logMessage, {"type":1,"message":"                                                      ^"})[0m
[0m[[0m[0mdebug[0m] [0m[0mjsonRpcNotify: JsonRpcNotificationMessage(2.0, build/publishDiagnostics, {"textDocument":{"uri":"file:///Users/marielynn/Documents/GitHub/data-eng/src/main/scala/com/peaceland/kafka/processing/KafkaConsumerAnalyzer.scala"},"buildTarget":{"uri":"file:/Users/marielynn/Documents/GitHub/data-eng/#data-eng/Compile"},"diagnostics":[{"range":{"start":{"line":51,"character":38},"end":{"line":51,"character":39}},"severity":1,"source":"sbt","message":"not found: type Citizen"}],"reset":false})[0m
[0m[[0m[31merror[0m] [0m[0m/Users/marielynn/Documents/GitHub/data-eng/src/main/scala/com/peaceland/kafka/processing/KafkaConsumerAnalyzer.scala:52:39: not found: type Citizen[0m
[0m[[0m[31merror[0m] [0m[0m  def getTroubleMakers(citizens: List[Citizen]): List[Citizen] = {[0m
[0m[[0m[31merror[0m] [0m[0m                                      ^[0m
[0m[[0m[0mdebug[0m] [0m[0mjsonRpcNotify: JsonRpcNotificationMessage(2.0, build/logMessage, {"type":1,"message":"/Users/marielynn/Documents/GitHub/data-eng/src/main/scala/com/peaceland/kafka/processing/KafkaConsumerAnalyzer.scala:52:39: not found: type Citizen"})[0m
[0m[[0m[0mdebug[0m] [0m[0mjsonRpcNotify: JsonRpcNotificationMessage(2.0, build/logMessage, {"type":1,"message":"  def getTroubleMakers(citizens: List[Citizen]): List[Citizen] = {"})[0m
[0m[[0m[0mdebug[0m] [0m[0mjsonRpcNotify: JsonRpcNotificationMessage(2.0, build/logMessage, {"type":1,"message":"                                      ^"})[0m
[0m[[0m[0mdebug[0m] [0m[0mjsonRpcNotify: JsonRpcNotificationMessage(2.0, build/publishDiagnostics, {"textDocument":{"uri":"file:///Users/marielynn/Documents/GitHub/data-eng/src/main/scala/com/peaceland/kafka/processing/KafkaConsumerAnalyzer.scala"},"buildTarget":{"uri":"file:/Users/marielynn/Documents/GitHub/data-eng/#data-eng/Compile"},"diagnostics":[{"range":{"start":{"line":61,"character":28},"end":{"line":61,"character":29}},"severity":1,"source":"sbt","message":"not found: value consumerRecords"}],"reset":false})[0m
[0m[[0m[31merror[0m] [0m[0m/Users/marielynn/Documents/GitHub/data-eng/src/main/scala/com/peaceland/kafka/processing/KafkaConsumerAnalyzer.scala:62:29: not found: value consumerRecords[0m
[0m[[0m[31merror[0m] [0m[0m  val dates: List[String] = consumerRecords.asScala.toList.flatMap { record =>[0m
[0m[[0m[31merror[0m] [0m[0m                            ^[0m
[0m[[0m[0mdebug[0m] [0m[0mjsonRpcNotify: JsonRpcNotificationMessage(2.0, build/logMessage, {"type":1,"message":"/Users/marielynn/Documents/GitHub/data-eng/src/main/scala/com/peaceland/kafka/processing/KafkaConsumerAnalyzer.scala:62:29: not found: value consumerRecords"})[0m
[0m[[0m[0mdebug[0m] [0m[0mjsonRpcNotify: JsonRpcNotificationMessage(2.0, build/logMessage, {"type":1,"message":"  val dates: List[String] = consumerRecords.asScala.toList.flatMap { record =>"})[0m
[0m[[0m[0mdebug[0m] [0m[0mjsonRpcNotify: JsonRpcNotificationMessage(2.0, build/logMessage, {"type":1,"message":"                            ^"})[0m
[0m[[0m[0mdebug[0m] [0m[0mjsonRpcNotify: JsonRpcNotificationMessage(2.0, build/publishDiagnostics, {"textDocument":{"uri":"file:///Users/marielynn/Documents/GitHub/data-eng/src/main/scala/com/peaceland/kafka/processing/KafkaConsumerSubscribeApp.scala"},"buildTarget":{"uri":"file:/Users/marielynn/Documents/GitHub/data-eng/#data-eng/Compile"},"diagnostics":[{"range":{"start":{"line":34,"character":46},"end":{"line":34,"character":47}},"severity":1,"source":"sbt","message":"value hwead is not a member of Seq[play.api.libs.json.JsValue]"}],"reset":false})[0m
[0m[[0m[31merror[0m] [0m[0m/Users/marielynn/Documents/GitHub/data-eng/src/main/scala/com/peaceland/kafka/processing/KafkaConsumerSubscribeApp.scala:35:47: value hwead is not a member of Seq[play.api.libs.json.JsValue][0m
[0m[[0m[31merror[0m] [0m[0m    val droneId = (parsedRecord \\ "droneId").hwead.as[Int][0m
[0m[[0m[31merror[0m] [0m[0m                                              ^[0m
[0m[[0m[0mdebug[0m] [0m[0mjsonRpcNotify: JsonRpcNotificationMessage(2.0, build/logMessage, {"type":1,"message":"/Users/marielynn/Documents/GitHub/data-eng/src/main/scala/com/peaceland/kafka/processing/KafkaConsumerSubscribeApp.scala:35:47: value hwead is not a member of Seq[play.api.libs.json.JsValue]"})[0m
[0m[[0m[0mdebug[0m] [0m[0mjsonRpcNotify: JsonRpcNotificationMessage(2.0, build/logMessage, {"type":1,"message":"    val droneId = (parsedRecord \\\\ \"droneId\").hwead.as[Int]"})[0m
[0m[[0m[0mdebug[0m] [0m[0mjsonRpcNotify: JsonRpcNotificationMessage(2.0, build/logMessage, {"type":1,"message":"                                              ^"})[0m
[0m[[0m[0mdebug[0m] [0m[0mjsonRpcNotify: JsonRpcNotificationMessage(2.0, build/publishDiagnostics, {"textDocument":{"uri":"file:///Users/marielynn/Documents/GitHub/data-eng/src/main/scala/com/peaceland/kafka/processing/KafkaProducerApp.scala"},"buildTarget":{"uri":"file:/Users/marielynn/Documents/GitHub/data-eng/#data-eng/Compile"},"diagnostics":[{"range":{"start":{"line":19,"character":19},"end":{"line":19,"character":20}},"severity":1,"source":"sbt","message":"not found: value Encoders"}],"reset":false})[0m
[0m[[0m[31merror[0m] [0m[0m/Users/marielynn/Documents/GitHub/data-eng/src/main/scala/com/peaceland/kafka/processing/KafkaProducerApp.scala:20:20: not found: value Encoders[0m
[0m[[0m[31merror[0m] [0m[0m    val mySchema = Encoders.product[Report].schema[0m
[0m[[0m[31merror[0m] [0m[0m                   ^[0m
[0m[[0m[0mdebug[0m] [0m[0mjsonRpcNotify: JsonRpcNotificationMessage(2.0, build/logMessage, {"type":1,"message":"/Users/marielynn/Documents/GitHub/data-eng/src/main/scala/com/peaceland/kafka/processing/KafkaProducerApp.scala:20:20: not found: value Encoders"})[0m
[0m[[0m[0mdebug[0m] [0m[0mjsonRpcNotify: JsonRpcNotificationMessage(2.0, build/logMessage, {"type":1,"message":"    val mySchema = Encoders.product[Report].schema"})[0m
[0m[[0m[0mdebug[0m] [0m[0mjsonRpcNotify: JsonRpcNotificationMessage(2.0, build/logMessage, {"type":1,"message":"                   ^"})[0m
[0m[[0m[0mdebug[0m] [0m[0mjsonRpcNotify: JsonRpcNotificationMessage(2.0, build/taskProgress, {"taskId":{"id":"3","parents":[]},"eventTime":1685181306924,"message":"Compiling data-eng (15%)","total":260,"progress":15,"dataKind":"compile-progress","data":{"target":{"uri":"file:/Users/marielynn/Documents/GitHub/data-eng/#data-eng/Compile"}}})[0m
[0m[[0m[0mdebug[0m] [0m[0mjsonRpcNotify: JsonRpcNotificationMessage(2.0, build/taskProgress, {"taskId":{"id":"3","parents":[]},"eventTime":1685181307003,"message":"Compiling data-eng (15%)","total":260,"progress":15,"dataKind":"compile-progress","data":{"target":{"uri":"file:/Users/marielynn/Documents/GitHub/data-eng/#data-eng/Compile"}}})[0m
[0m[[0m[0mdebug[0m] [0m[0mjsonRpcNotify: JsonRpcNotificationMessage(2.0, build/taskProgress, {"taskId":{"id":"3","parents":[]},"eventTime":1685181307007,"message":"Compiling data-eng (15%)","total":260,"progress":15,"dataKind":"compile-progress","data":{"target":{"uri":"file:/Users/marielynn/Documents/GitHub/data-eng/#data-eng/Compile"}}})[0m
[0m[[0m[31merror[0m] [0m[0m9 errors found[0m
[0m[[0m[0mdebug[0m] [0m[0mjsonRpcNotify: JsonRpcNotificationMessage(2.0, build/logMessage, {"type":1,"message":"9 errors found"})[0m
[0m[[0m[0mdebug[0m] [0m[0mjsonRpcNotify: JsonRpcNotificationMessage(2.0, build/publishDiagnostics, {"textDocument":{"uri":"file:///Users/marielynn/Documents/GitHub/data-eng/src/main/scala/com/peaceland/utils/Report.scala"},"buildTarget":{"uri":"file:/Users/marielynn/Documents/GitHub/data-eng/#data-eng/Compile"},"diagnostics":[],"reset":true})[0m
[0m[[0m[0mdebug[0m] [0m[0mjsonRpcNotify: JsonRpcNotificationMessage(2.0, build/publishDiagnostics, {"textDocument":{"uri":"file:///Users/marielynn/Documents/GitHub/data-eng/src/main/scala/com/peaceland/utils/Alert.scala"},"buildTarget":{"uri":"file:/Users/marielynn/Documents/GitHub/data-eng/#data-eng/Compile"},"diagnostics":[],"reset":true})[0m
[0m[[0m[0mdebug[0m] [0m[0mjsonRpcNotify: JsonRpcNotificationMessage(2.0, build/publishDiagnostics, {"textDocument":{"uri":"file:///Users/marielynn/Documents/GitHub/data-eng/src/main/scala/com/peaceland/utils/Drone.scala"},"buildTarget":{"uri":"file:/Users/marielynn/Documents/GitHub/data-eng/#data-eng/Compile"},"diagnostics":[],"reset":true})[0m
[0m[[0m[0mdebug[0m] [0m[0mjsonRpcNotify: JsonRpcNotificationMessage(2.0, build/publishDiagnostics, {"textDocument":{"uri":"file:///Users/marielynn/Documents/GitHub/data-eng/src/main/scala/com/peaceland/utils/GetSource.scala"},"buildTarget":{"uri":"file:/Users/marielynn/Documents/GitHub/data-eng/#data-eng/Compile"},"diagnostics":[],"reset":true})[0m
[0m[[0m[0mdebug[0m] [0m[0mjsonRpcNotify: JsonRpcNotificationMessage(2.0, build/publishDiagnostics, {"textDocument":{"uri":"file:///Users/marielynn/Documents/GitHub/data-eng/src/main/scala/com/peaceland/utils/Citizen.scala"},"buildTarget":{"uri":"file:/Users/marielynn/Documents/GitHub/data-eng/#data-eng/Compile"},"diagnostics":[],"reset":true})[0m
[0m[[0m[0mdebug[0m] [0m[0mjsonRpcNotify: JsonRpcNotificationMessage(2.0, build/publishDiagnostics, {"textDocument":{"uri":"file:///Users/marielynn/Documents/GitHub/data-eng/src/main/scala/com/peaceland/main/test_main.scala"},"buildTarget":{"uri":"file:/Users/marielynn/Documents/GitHub/data-eng/#data-eng/Compile"},"diagnostics":[],"reset":true})[0m
[0m[[0m[0mdebug[0m] [0m[0mjsonRpcNotify: JsonRpcNotificationMessage(2.0, build/publishDiagnostics, {"textDocument":{"uri":"file:///Users/marielynn/Documents/GitHub/data-eng/src/main/scala/com/peaceland/kafka/processing/KafkaProducerApp.scala"},"buildTarget":{"uri":"file:/Users/marielynn/Documents/GitHub/data-eng/#data-eng/Compile"},"diagnostics":[{"range":{"start":{"line":19,"character":19},"end":{"line":19,"character":20}},"severity":1,"source":"sbt","message":"not found: value Encoders"}],"reset":true})[0m
[0m[[0m[0mdebug[0m] [0m[0mjsonRpcNotify: JsonRpcNotificationMessage(2.0, build/publishDiagnostics, {"textDocument":{"uri":"file:///Users/marielynn/Documents/GitHub/data-eng/src/main/scala/com/peaceland/kafka/processing/KafkaConsumerStorage.scala"},"buildTarget":{"uri":"file:/Users/marielynn/Documents/GitHub/data-eng/#data-eng/Compile"},"diagnostics":[],"reset":true})[0m
[0m[[0m[0mdebug[0m] [0m[0mjsonRpcNotify: JsonRpcNotificationMessage(2.0, build/publishDiagnostics, {"textDocument":{"uri":"file:///Users/marielynn/Documents/GitHub/data-eng/src/main/scala/com/peaceland/kafka/processing/KafkaConsumerAnalyzer.scala"},"buildTarget":{"uri":"file:/Users/marielynn/Documents/GitHub/data-eng/#data-eng/Compile"},"diagnostics":[{"range":{"start":{"line":6,"character":0},"end":{"line":6,"character":7}},"severity":1,"source":"sbt","message":"object Citizen is not a member of package com.peaceland.utils"},{"range":{"start":{"line":31,"character":43},"end":{"line":31,"character":44}},"severity":1,"source":"sbt","message":"not found: type Citizen"},{"range":{"start":{"line":40,"character":36},"end":{"line":40,"character":37}},"severity":1,"source":"sbt","message":"not found: type Citizen"},{"range":{"start":{"line":46,"character":42},"end":{"line":46,"character":43}},"severity":1,"source":"sbt","message":"not found: type Citizen"},{"range":{"start":{"line":51,"character":54},"end":{"line":51,"character":55}},"severity":1,"source":"sbt","message":"not found: type Citizen"},{"range":{"start":{"line":51,"character":38},"end":{"line":51,"character":39}},"severity":1,"source":"sbt","message":"not found: type Citizen"},{"range":{"start":{"line":61,"character":28},"end":{"line":61,"character":29}},"severity":1,"source":"sbt","message":"not found: value consumerRecords"}],"reset":true})[0m
[0m[[0m[0mdebug[0m] [0m[0mjsonRpcNotify: JsonRpcNotificationMessage(2.0, build/publishDiagnostics, {"textDocument":{"uri":"file:///Users/marielynn/Documents/GitHub/data-eng/src/main/scala/com/peaceland/kafka/processing/KafkaConsumerSubscribeApp.scala"},"buildTarget":{"uri":"file:/Users/marielynn/Documents/GitHub/data-eng/#data-eng/Compile"},"diagnostics":[{"range":{"start":{"line":34,"character":46},"end":{"line":34,"character":47}},"severity":1,"source":"sbt","message":"value hwead is not a member of Seq[play.api.libs.json.JsValue]"}],"reset":true})[0m
[0m[[0m[0mdebug[0m] [0m[0mjsonRpcNotify: JsonRpcNotificationMessage(2.0, build/taskFinish, {"taskId":{"id":"3","parents":[]},"eventTime":1685181307028,"message":"Compiled data-eng","status":2,"dataKind":"compile-report","data":{"target":{"uri":"file:/Users/marielynn/Documents/GitHub/data-eng/#data-eng/Compile"},"errors":9,"warnings":0,"time":5483}})[0m
[0m[[0m[0mdebug[0m] [0m[0munmatched json error for requestId None: {"code":-32603,"message":"(Compile / \u001b[31mcompileIncremental\u001b[0m) Compilation failed"}[0m
[0m[[0m[31merror[0m] [0m[0m(Compile / [31mcompileIncremental[0m) Compilation failed[0m
[0m[[0m[0mdebug[0m] [0m[0mjsonRpcNotify: JsonRpcNotificationMessage(2.0, build/logMessage, {"type":1,"message":"(Compile / \u001b[31mcompileIncremental\u001b[0m) Compilation failed"})[0m
[0m[[0m[31merror[0m] [0m[0mTotal time: 6 s, completed 27 mai 2023, 11:55:07[0m
[0m[[0m[0mdebug[0m] [0m[0munmatched Done event for requestId None: None[0m
[0m[[0m[0mdebug[0m] [0m[0m> Exec(shell, None, None)[0m
