[0m[[0m[0mdebug[0m] [0m[0m> Exec(;Test/compile; collectAnalyses, None, Some(CommandSource(network-1)))[0m
[0m[[0m[0mdebug[0m] [0m[0munmatched Processing event for requestId None: None[0m
[0m[[0m[0mdebug[0m] [0m[0munmatched Done event for requestId None: None[0m
[0m[[0m[0mdebug[0m] [0m[0m> Exec(Test/compile, None, Some(CommandSource(network-1)))[0m
[0m[[0m[0mdebug[0m] [0m[0munmatched Processing event for requestId None: None[0m
[0m[[0m[0mdebug[0m] [0m[0mEvaluating tasks: Test / compile[0m
[0m[[0m[0mdebug[0m] [0m[0mRunning task... Cancel: Signal, check cycles: false, forcegc: true[0m
[0m[[0m[0mdebug[0m] [0m[0mjsonRpcNotify: JsonRpcNotificationMessage(2.0, build/taskStart, {"taskId":{"id":"2","parents":[]},"eventTime":1685180234819,"message":"Compiling data-eng","dataKind":"compile-task","data":{"target":{"uri":"file:/Users/marielynn/Documents/GitHub/data-eng/#data-eng/Compile"}}})[0m
[0m[[0m[0minfo[0m] [0m[0mcompiling 10 Scala sources to /Users/marielynn/Documents/GitHub/data-eng/target/scala-2.12/classes ...[0m
[0m[[0m[0mdebug[0m] [0m[0mjsonRpcNotify: JsonRpcNotificationMessage(2.0, build/logMessage, {"type":3,"message":"compiling 10 Scala sources to /Users/marielynn/Documents/GitHub/data-eng/target/scala-2.12/classes ..."})[0m
[0m[[0m[0mdebug[0m] [0m[0mjsonRpcNotify: JsonRpcNotificationMessage(2.0, build/taskProgress, {"taskId":{"id":"2","parents":[]},"eventTime":1685180240643,"message":"Compiling data-eng (0%)","total":260,"progress":0,"dataKind":"compile-progress","data":{"target":{"uri":"file:/Users/marielynn/Documents/GitHub/data-eng/#data-eng/Compile"}}})[0m
[0m[[0m[0mdebug[0m] [0m[0mjsonRpcNotify: JsonRpcNotificationMessage(2.0, build/taskProgress, {"taskId":{"id":"2","parents":[]},"eventTime":1685180240662,"message":"Compiling data-eng (0%)","total":260,"progress":0,"dataKind":"compile-progress","data":{"target":{"uri":"file:/Users/marielynn/Documents/GitHub/data-eng/#data-eng/Compile"}}})[0m
[0m[[0m[0mdebug[0m] [0m[0mjsonRpcNotify: JsonRpcNotificationMessage(2.0, build/publishDiagnostics, {"textDocument":{"uri":"file:///Users/marielynn/Documents/GitHub/data-eng/src/main/scala/com/peaceland/kafka/processing/KafkaProducerApp.scala"},"buildTarget":{"uri":"file:/Users/marielynn/Documents/GitHub/data-eng/#data-eng/Compile"},"diagnostics":[{"range":{"start":{"line":78,"character":0},"end":{"line":78,"character":1}},"severity":1,"source":"sbt","message":"Missing closing brace `}' assumed here"}],"reset":false})[0m
[0m[[0m[31merror[0m] [0m[0m/Users/marielynn/Documents/GitHub/data-eng/src/main/scala/com/peaceland/kafka/processing/KafkaProducerApp.scala:79:1: Missing closing brace `}' assumed here[0m
[0m[[0m[0mdebug[0m] [0m[0mjsonRpcNotify: JsonRpcNotificationMessage(2.0, build/logMessage, {"type":1,"message":"/Users/marielynn/Documents/GitHub/data-eng/src/main/scala/com/peaceland/kafka/processing/KafkaProducerApp.scala:79:1: Missing closing brace `}' assumed here"})[0m
[0m[[0m[0mdebug[0m] [0m[0mjsonRpcNotify: JsonRpcNotificationMessage(2.0, build/publishDiagnostics, {"textDocument":{"uri":"file:///Users/marielynn/Documents/GitHub/data-eng/src/main/scala/com/peaceland/kafka/processing/KafkaProducerApp.scala"},"buildTarget":{"uri":"file:/Users/marielynn/Documents/GitHub/data-eng/#data-eng/Compile"},"diagnostics":[{"range":{"start":{"line":78,"character":0},"end":{"line":78,"character":1}},"severity":1,"source":"sbt","message":"Missing closing brace `}' assumed here"}],"reset":false})[0m
[0m[[0m[31merror[0m] [0m[0mone error found[0m
[0m[[0m[0mdebug[0m] [0m[0mjsonRpcNotify: JsonRpcNotificationMessage(2.0, build/logMessage, {"type":1,"message":"one error found"})[0m
[0m[[0m[0mdebug[0m] [0m[0mjsonRpcNotify: JsonRpcNotificationMessage(2.0, build/publishDiagnostics, {"textDocument":{"uri":"file:///Users/marielynn/Documents/GitHub/data-eng/src/main/scala/com/peaceland/utils/Report.scala"},"buildTarget":{"uri":"file:/Users/marielynn/Documents/GitHub/data-eng/#data-eng/Compile"},"diagnostics":[],"reset":true})[0m
[0m[[0m[0mdebug[0m] [0m[0mjsonRpcNotify: JsonRpcNotificationMessage(2.0, build/publishDiagnostics, {"textDocument":{"uri":"file:///Users/marielynn/Documents/GitHub/data-eng/src/main/scala/com/peaceland/utils/Alert.scala"},"buildTarget":{"uri":"file:/Users/marielynn/Documents/GitHub/data-eng/#data-eng/Compile"},"diagnostics":[],"reset":true})[0m
[0m[[0m[0mdebug[0m] [0m[0mjsonRpcNotify: JsonRpcNotificationMessage(2.0, build/publishDiagnostics, {"textDocument":{"uri":"file:///Users/marielynn/Documents/GitHub/data-eng/src/main/scala/com/peaceland/utils/Drone.scala"},"buildTarget":{"uri":"file:/Users/marielynn/Documents/GitHub/data-eng/#data-eng/Compile"},"diagnostics":[],"reset":true})[0m
[0m[[0m[0mdebug[0m] [0m[0mjsonRpcNotify: JsonRpcNotificationMessage(2.0, build/publishDiagnostics, {"textDocument":{"uri":"file:///Users/marielynn/Documents/GitHub/data-eng/src/main/scala/com/peaceland/utils/GetSource.scala"},"buildTarget":{"uri":"file:/Users/marielynn/Documents/GitHub/data-eng/#data-eng/Compile"},"diagnostics":[],"reset":true})[0m
[0m[[0m[0mdebug[0m] [0m[0mjsonRpcNotify: JsonRpcNotificationMessage(2.0, build/publishDiagnostics, {"textDocument":{"uri":"file:///Users/marielynn/Documents/GitHub/data-eng/src/main/scala/com/peaceland/utils/Citizen.scala"},"buildTarget":{"uri":"file:/Users/marielynn/Documents/GitHub/data-eng/#data-eng/Compile"},"diagnostics":[],"reset":true})[0m
[0m[[0m[0mdebug[0m] [0m[0mjsonRpcNotify: JsonRpcNotificationMessage(2.0, build/publishDiagnostics, {"textDocument":{"uri":"file:///Users/marielynn/Documents/GitHub/data-eng/src/main/scala/com/peaceland/main/test_main.scala"},"buildTarget":{"uri":"file:/Users/marielynn/Documents/GitHub/data-eng/#data-eng/Compile"},"diagnostics":[],"reset":true})[0m
[0m[[0m[0mdebug[0m] [0m[0mjsonRpcNotify: JsonRpcNotificationMessage(2.0, build/publishDiagnostics, {"textDocument":{"uri":"file:///Users/marielynn/Documents/GitHub/data-eng/src/main/scala/com/peaceland/kafka/processing/KafkaProducerApp.scala"},"buildTarget":{"uri":"file:/Users/marielynn/Documents/GitHub/data-eng/#data-eng/Compile"},"diagnostics":[{"range":{"start":{"line":78,"character":0},"end":{"line":78,"character":1}},"severity":1,"source":"sbt","message":"Missing closing brace `}' assumed here"},{"range":{"start":{"line":78,"character":0},"end":{"line":78,"character":1}},"severity":1,"source":"sbt","message":"Missing closing brace `}' assumed here"}],"reset":true})[0m
[0m[[0m[0mdebug[0m] [0m[0mjsonRpcNotify: JsonRpcNotificationMessage(2.0, build/publishDiagnostics, {"textDocument":{"uri":"file:///Users/marielynn/Documents/GitHub/data-eng/src/main/scala/com/peaceland/kafka/processing/KafkaConsumerStorage.scala"},"buildTarget":{"uri":"file:/Users/marielynn/Documents/GitHub/data-eng/#data-eng/Compile"},"diagnostics":[],"reset":true})[0m
[0m[[0m[0mdebug[0m] [0m[0mjsonRpcNotify: JsonRpcNotificationMessage(2.0, build/publishDiagnostics, {"textDocument":{"uri":"file:///Users/marielynn/Documents/GitHub/data-eng/src/main/scala/com/peaceland/kafka/processing/KafkaConsumerAnalyzer.scala"},"buildTarget":{"uri":"file:/Users/marielynn/Documents/GitHub/data-eng/#data-eng/Compile"},"diagnostics":[],"reset":true})[0m
[0m[[0m[0mdebug[0m] [0m[0mjsonRpcNotify: JsonRpcNotificationMessage(2.0, build/publishDiagnostics, {"textDocument":{"uri":"file:///Users/marielynn/Documents/GitHub/data-eng/src/main/scala/com/peaceland/kafka/processing/KafkaConsumerSubscribeApp.scala"},"buildTarget":{"uri":"file:/Users/marielynn/Documents/GitHub/data-eng/#data-eng/Compile"},"diagnostics":[],"reset":true})[0m
[0m[[0m[0mdebug[0m] [0m[0mjsonRpcNotify: JsonRpcNotificationMessage(2.0, build/taskFinish, {"taskId":{"id":"2","parents":[]},"eventTime":1685180240912,"message":"Compiled data-eng","status":2,"dataKind":"compile-report","data":{"target":{"uri":"file:/Users/marielynn/Documents/GitHub/data-eng/#data-eng/Compile"},"errors":2,"warnings":0,"time":6093}})[0m
[0m[[0m[0mdebug[0m] [0m[0munmatched json error for requestId None: {"code":-32603,"message":"(Compile / \u001b[31mcompileIncremental\u001b[0m) Compilation failed"}[0m
[0m[[0m[31merror[0m] [0m[0m(Compile / [31mcompileIncremental[0m) Compilation failed[0m
[0m[[0m[0mdebug[0m] [0m[0mjsonRpcNotify: JsonRpcNotificationMessage(2.0, build/logMessage, {"type":1,"message":"(Compile / \u001b[31mcompileIncremental\u001b[0m) Compilation failed"})[0m
[0m[[0m[31merror[0m] [0m[0mTotal time: 7 s, completed 27 mai 2023, 11:37:20[0m
[0m[[0m[0mdebug[0m] [0m[0munmatched Done event for requestId None: None[0m
[0m[[0m[0mdebug[0m] [0m[0m> Exec(shell, None, None)[0m
[0m[[0m[0mdebug[0m] [0m[0mForcing garbage collection...[0m
